\BOOKMARK [0][-]{chapter.1}{\376\377\137\025\212\000}{}% 1
\BOOKMARK [1][-]{section.1.1}{\376\377\171\273\145\143\123\167\171\357}{chapter.1}% 2
\BOOKMARK [1][-]{section.1.2}{\376\377\154\140\123\026}{chapter.1}% 3
\BOOKMARK [0][-]{chapter.2}{\376\377\123\167\171\357\217\320\173\227\000\050\000C\000o\000n\000v\000o\000l\000u\000t\000i\000o\000n\000\040\000a\000r\000i\000t\000h\000m\000e\000t\000i\000c\000\051}{}% 4
\BOOKMARK [1][-]{section.2.1}{\376\377\145\340\226\366\130\153\121\105\377\014\123\125\117\115\153\145\225\177}{chapter.2}% 5
\BOOKMARK [1][-]{section.2.2}{\376\377\147\011\226\366\130\153\121\105\377\014\123\125\117\115\153\145\225\177}{chapter.2}% 6
\BOOKMARK [2][-]{subsection.2.2.1}{\376\377\123\112\130\153\121\105\000\050\166\370\117\074\130\153\121\105\000\051}{section.2.2}% 7
\BOOKMARK [2][-]{subsection.2.2.2}{\376\377\121\150\130\153\121\105\000\050\000F\000u\000l\000l\000\040\000p\000a\000d\000d\000i\000n\000g\000\051}{section.2.2}% 8
\BOOKMARK [1][-]{section.2.3}{\376\377\145\340\226\366\130\153\121\105\377\014\227\136\123\125\117\115\153\145\225\177}{chapter.2}% 9
\BOOKMARK [1][-]{section.2.4}{\376\377\147\011\226\366\130\153\121\105\377\014\227\136\123\125\117\115\153\145\225\177}{chapter.2}% 10
\BOOKMARK [0][-]{chapter.3}{\376\377\154\140\123\026\217\320\173\227\000\050\000P\000o\000o\000l\000i\000n\000g\000\040\000a\000r\000i\000t\000h\000m\000e\000t\000i\000c\000\051}{}% 11
\BOOKMARK [0][-]{chapter.4}{\376\377\217\154\177\156\123\167\171\357\217\320\173\227\000\050\000T\000r\000a\000n\000s\000p\000o\000s\000e\000d\000\040\000c\000o\000n\000v\000o\000l\000u\000t\000i\000o\000n\000\040\000a\000r\000i\000t\000h\000m\000e\000t\000i\000c\000\051}{}% 12
\BOOKMARK [1][-]{section.4.1}{\376\377\117\134\116\072\167\351\226\065\217\320\173\227\166\204\123\167\171\357}{chapter.4}% 13
\BOOKMARK [1][-]{section.4.2}{\376\377\217\154\177\156\123\167\171\357\000\050\000T\000r\000a\000n\000s\000p\000o\000s\000e\000d\000\040\000c\000o\000n\000v\000o\000l\000u\000t\000i\000o\000n\000\051}{chapter.4}% 14
\BOOKMARK [1][-]{section.4.3}{\376\377\145\340\226\366\130\153\121\105\377\014\123\125\117\115\153\145\225\177\377\014\217\154\177\156}{chapter.4}% 15
\BOOKMARK [1][-]{section.4.4}{\376\377\000Z\000e\000r\000o\000\040\000p\000a\000d\000d\000i\000n\000g\000,\000\040\000u\000n\000i\000t\000\040\000s\000t\000r\000i\000d\000e\000s\000,\000\040\000t\000r\000a\000n\000s\000p\000o\000s\000e\000d}{chapter.4}% 16
\BOOKMARK [2][-]{subsection.4.4.1}{\376\377\000H\000a\000l\000f\000\040\000\050\000s\000a\000m\000e\000\051\000\040\000p\000a\000d\000d\000i\000n\000g\000,\000\040\000t\000r\000a\000n\000s\000p\000o\000s\000e\000d}{section.4.4}% 17
\BOOKMARK [2][-]{subsection.4.4.2}{\376\377\000F\000u\000l\000l\000\040\000p\000a\000d\000d\000i\000n\000g\000,\000\040\000t\000r\000a\000n\000s\000p\000o\000s\000e\000d}{section.4.4}% 18
\BOOKMARK [1][-]{section.4.5}{\376\377\000N\000o\000\040\000z\000e\000r\000o\000\040\000p\000a\000d\000d\000i\000n\000g\000,\000\040\000n\000o\000n\000-\000u\000n\000i\000t\000\040\000s\000t\000r\000i\000d\000e\000s\000,\000\040\000t\000r\000a\000n\000s\000p\000o\000s\000e\000d}{chapter.4}% 19
\BOOKMARK [1][-]{section.4.6}{\376\377\000Z\000e\000r\000o\000\040\000p\000a\000d\000d\000i\000n\000g\000,\000\040\000n\000o\000n\000-\000u\000n\000i\000t\000\040\000s\000t\000r\000i\000d\000e\000s\000,\000\040\000t\000r\000a\000n\000s\000p\000o\000s\000e\000d}{chapter.4}% 20
\BOOKMARK [0][-]{chapter.5}{\376\377\121\166\116\326\123\167\171\357\000\050\000M\000i\000s\000c\000e\000l\000l\000a\000n\000e\000o\000u\000s\000\040\000c\000o\000n\000v\000o\000l\000u\000t\000i\000o\000n\000s\000\051}{}% 21
\BOOKMARK [1][-]{section.5.1}{\376\377\142\151\137\040\123\167\171\357\000\050\000D\000i\000l\000a\000t\000e\000d\000\040\000c\000o\000n\000v\000o\000l\000u\000t\000i\000o\000n\000s\000\051}{chapter.5}% 22
