This is XeTeX, Version 3.14159265-2.6-0.999992 (MiKTeX 20.11) (preloaded format=xelatex 2020.11.14)  8 DEC 2020 23:51
entering extended mode
**D:/Desktop/CODE_TEST/Complement_Books/conv_arithmetic_ZH_CN/conv_arithmetic.t
ex

(D:/Desktop/CODE_TEST/Complement_Books/conv_arithmetic_ZH_CN/conv_arithmetic.te
x
LaTeX2e <2020-10-01> patch level 2
L3 programming layer <2020-10-27> xparse <2020-03-03>
(C:\MiKTeX\tex/latex/ctex\ctexrep.cls
(C:\MiKTeX\tex/latex/ctex/config\ctexbackend.cfg
File: ctexbackend.cfg 2020/10/19 v2.5.5 Backend configuration file (CTEX)
)
(C:\MiKTeX\tex/latex/l3kernel\expl3.sty
Package: expl3 2020-10-27 L3 programming layer (loader) 

(C:\MiKTeX\tex/latex/l3backend\l3backend-xetex.def
File: l3backend-xetex.def 2020-09-24 L3 backend support: XeTeX
\g__graphics_track_int=\count171
\l__pdf_internal_box=\box47
\g__pdf_backend_object_int=\count172
\g__pdf_backend_annotation_int=\count173
))
Document Class: ctexrep 2020/10/19 v2.5.5 Chinese adapter for class report (CTE
X)
(C:\MiKTeX\tex/latex/l3packages/xparse\xparse.sty
Package: xparse 2020-10-27 L3 Experimental document command parser

(C:\MiKTeX\tex/latex/l3packages/xparse\xparse-generic.tex))
(C:\MiKTeX\tex/latex/l3packages/l3keys2e\l3keys2e.sty
Package: l3keys2e 2020-10-27 LaTeX2e option processing using LaTeX3 keys
)
(C:\MiKTeX\tex/latex/ctex\ctexhook.sty
Package: ctexhook 2020/10/19 v2.5.5 Document and package hooks (CTEX)
) (C:\MiKTeX\tex/latex/ctex\ctexpatch.sty
Package: ctexpatch 2020/10/19 v2.5.5 Patching commands (CTEX)
) (C:\MiKTeX\tex/latex/base\fix-cm.sty
Package: fix-cm 2015/01/14 v1.1t fixes to LaTeX
 (C:\MiKTeX\tex/latex/base\ts1enc.def
File: ts1enc.def 2001/06/05 v3.0e (jk/car/fm) Standard LaTeX file
LaTeX Font Info:    Redeclaring font encoding TS1 on input line 47.
))
(C:\MiKTeX\tex/latex/ms\everysel.sty
Package: everysel 2011/10/28 v1.2 EverySelectfont Package (MS)
)
\l__ctex_tmp_int=\count174
\l__ctex_tmp_box=\box48
\l__ctex_tmp_dim=\dimen138
\g__ctex_section_depth_int=\count175
\g__ctex_font_size_int=\count176

(C:\MiKTeX\tex/latex/ctex/config\ctexopts.cfg
File: ctexopts.cfg 2020/10/19 v2.5.5 Option configuration file (CTEX)
)
(C:\MiKTeX\tex/latex/base\report.cls
Document Class: report 2020/04/10 v1.4m Standard LaTeX document class
(C:\MiKTeX\tex/latex/base\size10.clo
File: size10.clo 2020/04/10 v1.4m Standard LaTeX file (size option)
)
\c@part=\count177
\c@chapter=\count178
\c@section=\count179
\c@subsection=\count180
\c@subsubsection=\count181
\c@paragraph=\count182
\c@subparagraph=\count183
\c@figure=\count184
\c@table=\count185
\abovecaptionskip=\skip47
\belowcaptionskip=\skip48
\bibindent=\dimen139
)
(C:\MiKTeX\tex/latex/ctex/engine\ctex-engine-xetex.def
File: ctex-engine-xetex.def 2020/10/19 v2.5.5 XeLaTeX adapter (CTEX)

(C:\MiKTeX\tex/xelatex/xecjk\xeCJK.sty
Package: xeCJK 2020/10/19 v3.8.6 Typesetting CJK scripts with XeLaTeX

(C:\MiKTeX\tex/latex/l3packages/xtemplate\xtemplate.sty
Package: xtemplate 2020-10-27 L3 Experimental prototype document functions
\l__xtemplate_tmp_dim=\dimen140
\l__xtemplate_tmp_int=\count186
\l__xtemplate_tmp_muskip=\muskip16
\l__xtemplate_tmp_skip=\skip49
)
\l__xeCJK_tmp_int=\count187
\l__xeCJK_tmp_box=\box49
\l__xeCJK_tmp_dim=\dimen141
\l__xeCJK_tmp_skip=\skip50
\g__xeCJK_space_factor_int=\count188
\l__xeCJK_begin_int=\count189
\l__xeCJK_end_int=\count190
\c__xeCJK_CJK_class_int=\XeTeXcharclass1
\c__xeCJK_FullLeft_class_int=\XeTeXcharclass2
\c__xeCJK_FullRight_class_int=\XeTeXcharclass3
\c__xeCJK_HalfLeft_class_int=\XeTeXcharclass4
\c__xeCJK_HalfRight_class_int=\XeTeXcharclass5
\c__xeCJK_NormalSpace_class_int=\XeTeXcharclass6
\c__xeCJK_CM_class_int=\XeTeXcharclass7
\c__xeCJK_HangulJamo_class_int=\XeTeXcharclass8
\l__xeCJK_last_skip=\skip51
\g__xeCJK_node_int=\count191
\c__xeCJK_CJK_node_dim=\dimen142
\c__xeCJK_CJK-space_node_dim=\dimen143
\c__xeCJK_default_node_dim=\dimen144
\c__xeCJK_default-space_node_dim=\dimen145
\c__xeCJK_CJK-widow_node_dim=\dimen146
\c__xeCJK_normalspace_node_dim=\dimen147
\l__xeCJK_ccglue_skip=\skip52
\l__xeCJK_ecglue_skip=\skip53
\l__xeCJK_punct_kern_skip=\skip54
\l__xeCJK_last_penalty_int=\count192
\l__xeCJK_last_bound_dim=\dimen148
\l__xeCJK_last_kern_dim=\dimen149
\l__xeCJK_widow_penalty_int=\count193

Package xtemplate Info: Declaring object type 'xeCJK/punctuation' taking 0
(xtemplate)             argument(s) on line 2341.

\l__xeCJK_fixed_punct_width_dim=\dimen150
\l__xeCJK_mixed_punct_width_dim=\dimen151
\l__xeCJK_middle_punct_width_dim=\dimen152
\l__xeCJK_fixed_margin_width_dim=\dimen153
\l__xeCJK_mixed_margin_width_dim=\dimen154
\l__xeCJK_middle_margin_width_dim=\dimen155
\l__xeCJK_bound_punct_width_dim=\dimen156
\l__xeCJK_bound_margin_width_dim=\dimen157
\l__xeCJK_margin_minimum_dim=\dimen158
\l__xeCJK_kerning_total_width_dim=\dimen159
\l__xeCJK_same_align_margin_dim=\dimen160
\l__xeCJK_different_align_margin_dim=\dimen161
\l__xeCJK_kerning_margin_width_dim=\dimen162
\l__xeCJK_kerning_margin_minimum_dim=\dimen163
\l__xeCJK_bound_dim=\dimen164
\l__xeCJK_reverse_bound_dim=\dimen165
\l__xeCJK_margin_dim=\dimen166
\l__xeCJK_minimum_bound_dim=\dimen167
\l__xeCJK_kerning_margin_dim=\dimen168
\g__xeCJK_family_int=\count194
\l__xeCJK_fam_int=\count195
\g__xeCJK_fam_allocation_int=\count196
\l__xeCJK_verb_case_int=\count197
\l__xeCJK_verb_exspace_skip=\skip55

(C:\MiKTeX\tex/latex/fontspec\fontspec.sty
Package: fontspec 2020/02/21 v2.7i Font selection for XeLaTeX and LuaLaTeX

(C:\MiKTeX\tex/latex/fontspec\fontspec-xetex.sty
Package: fontspec-xetex 2020/02/21 v2.7i Font selection for XeLaTeX and LuaLaTe
X
\l__fontspec_script_int=\count198
\l__fontspec_language_int=\count199
\l__fontspec_strnum_int=\count266
\l__fontspec_tmp_int=\count267
\l__fontspec_tmpa_int=\count268
\l__fontspec_tmpb_int=\count269
\l__fontspec_tmpc_int=\count270
\l__fontspec_em_int=\count271
\l__fontspec_emdef_int=\count272
\l__fontspec_strong_int=\count273
\l__fontspec_strongdef_int=\count274
\l__fontspec_tmpa_dim=\dimen169
\l__fontspec_tmpb_dim=\dimen170
\l__fontspec_tmpc_dim=\dimen171

(C:\MiKTeX\tex/latex/base\fontenc.sty
Package: fontenc 2020/08/10 v2.0s Standard LaTeX package
)
(C:\MiKTeX\tex/latex/fontspec\fontspec.cfg)))
(C:\MiKTeX\tex/xelatex/xecjk\xeCJK.cfg
File: xeCJK.cfg 2020/10/19 v3.8.6 Configuration file for xeCJK package
))
\ccwd=\dimen172
\l__ctex_ccglue_skip=\skip56
)
\l__ctex_ziju_dim=\dimen173

(C:\MiKTeX\tex/latex/zhnumber\zhnumber.sty
Package: zhnumber 2020/05/01 v2.8 Typesetting numbers with Chinese glyphs
\l__zhnum_scale_int=\count275

(C:\MiKTeX\tex/latex/zhnumber\zhnumber-utf8.cfg
File: zhnumber-utf8.cfg 2020/05/01 v2.8 Chinese numerals with UTF8 encoding
))
\l__ctex_heading_skip=\skip57

(C:\MiKTeX\tex/latex/ctex/scheme\ctex-scheme-chinese-report.def
File: ctex-scheme-chinese-report.def 2020/10/19 v2.5.5 Chinese scheme for repor
t (CTEX)

(C:\MiKTeX\tex/latex/ctex/config\ctex-name-utf8.cfg
File: ctex-name-utf8.cfg 2020/10/19 v2.5.5 Caption with encoding UTF-8 (CTEX)
))
(C:\MiKTeX\tex/latex/ctex\ctex-c5size.clo
File: ctex-c5size.clo 2020/10/19 v2.5.5 c5size option (CTEX)
)
(C:\MiKTeX\tex/latex/ctex/fontset\ctex-fontset-windows.def
File: ctex-fontset-windows.def 2020/10/19 v2.5.5 Windows fonts definition (CTEX
)

Package fontspec Info: Could not resolve font "KaiTi/B" (it probably doesn't
(fontspec)             exist).


Package fontspec Info: Could not resolve font "SimHei/I" (it probably doesn't
(fontspec)             exist).


Package fontspec Info: Could not resolve font "SimSun/BI" (it probably doesn't
(fontspec)             exist).


Package fontspec Info: Font family 'SimSun(0)' created for font 'SimSun' with
(fontspec)             options
(fontspec)             [Script={CJK},BoldFont={SimHei},ItalicFont={KaiTi}].
(fontspec)              
(fontspec)              This font family consists of the following NFSS
(fontspec)             series/shapes:
(fontspec)              
(fontspec)             - 'normal' (m/n) with NFSS spec.:
(fontspec)             <->"SimSun/OT:script=hani;language=dflt;"
(fontspec)             - 'small caps'  (m/sc) with NFSS spec.: 
(fontspec)             - 'bold' (b/n) with NFSS spec.:
(fontspec)             <->"SimHei/OT:script=hani;language=dflt;"
(fontspec)             - 'bold small caps'  (b/sc) with NFSS spec.: 
(fontspec)             - 'italic' (m/it) with NFSS spec.:
(fontspec)             <->"KaiTi/OT:script=hani;language=dflt;"
(fontspec)             - 'italic small caps'  (m/scit) with NFSS spec.: 

))
(C:\MiKTeX\tex/latex/ctex/config\ctex.cfg
File: ctex.cfg 2020/10/19 v2.5.5 Configuration file (CTEX)
)
(C:\MiKTeX\tex/latex/amsmath\amsmath.sty
Package: amsmath 2020/09/23 v2.17i AMS math features
\@mathmargin=\skip58

For additional information on amsmath, use the `?' option.
(C:\MiKTeX\tex/latex/amsmath\amstext.sty
Package: amstext 2000/06/29 v2.01 AMS text

(C:\MiKTeX\tex/latex/amsmath\amsgen.sty
File: amsgen.sty 1999/11/30 v2.0 generic functions
\@emptytoks=\toks15
\ex@=\dimen174
))
(C:\MiKTeX\tex/latex/amsmath\amsbsy.sty
Package: amsbsy 1999/11/29 v1.2d Bold Symbols
\pmbraise@=\dimen175
)
(C:\MiKTeX\tex/latex/amsmath\amsopn.sty
Package: amsopn 2016/03/08 v2.02 operator names
)
\inf@bad=\count276
LaTeX Info: Redefining \frac on input line 234.
\uproot@=\count277
\leftroot@=\count278
LaTeX Info: Redefining \overline on input line 399.
\classnum@=\count279
\DOTSCASE@=\count280
LaTeX Info: Redefining \ldots on input line 496.
LaTeX Info: Redefining \dots on input line 499.
LaTeX Info: Redefining \cdots on input line 620.
\Mathstrutbox@=\box50
\strutbox@=\box51
\big@size=\dimen176
LaTeX Font Info:    Redeclaring font encoding OML on input line 743.
LaTeX Font Info:    Redeclaring font encoding OMS on input line 744.
\macc@depth=\count281
\c@MaxMatrixCols=\count282
\dotsspace@=\muskip17
\c@parentequation=\count283
\dspbrk@lvl=\count284
\tag@help=\toks16
\row@=\count285
\column@=\count286
\maxfields@=\count287
\andhelp@=\toks17
\eqnshift@=\dimen177
\alignsep@=\dimen178
\tagshift@=\dimen179
\tagwidth@=\dimen180
\totwidth@=\dimen181
\lineht@=\dimen182
\@envbody=\toks18
\multlinegap=\skip59
\multlinetaggap=\skip60
\mathdisplay@stack=\toks19
LaTeX Info: Redefining \[ on input line 2923.
LaTeX Info: Redefining \] on input line 2924.
)
(C:\MiKTeX\tex/latex/amsfonts\amsfonts.sty
Package: amsfonts 2013/01/14 v3.01 Basic AMSFonts support
\symAMSa=\mathgroup4
\symAMSb=\mathgroup5
LaTeX Font Info:    Redeclaring math symbol \hbar on input line 98.
LaTeX Font Info:    Overwriting math alphabet `\mathfrak' in version `bold'
(Font)                  U/euf/m/n --> U/euf/b/n on input line 106.
)
(C:\MiKTeX\tex/latex/amscls\amsthm.sty
Package: amsthm 2020/05/29 v2.20.6
\thm@style=\toks20
\thm@bodyfont=\toks21
\thm@headfont=\toks22
\thm@notefont=\toks23
\thm@headpunct=\toks24
\thm@preskip=\skip61
\thm@postskip=\skip62
\thm@headsep=\skip63
\dth@everypar=\toks25
)
(C:\MiKTeX\tex/latex/amsfonts\amssymb.sty
Package: amssymb 2013/01/14 v3.01 AMS font symbols
)
(C:\MiKTeX\tex/latex/preprint\authblk.sty
Package: authblk 2001/02/27 1.3 (PWD)
\affilsep=\skip64
\@affilsep=\skip65
\c@Maxaffil=\count288
\c@authors=\count289
\c@affil=\count290
)
(C:\MiKTeX\tex/latex/base\fontenc.sty
Package: fontenc 2020/08/10 v2.0s Standard LaTeX package
LaTeX Font Info:    Trying to load font information for T1+lmr on input line 11
2.
 (C:\MiKTeX\tex/latex/lm\t1lmr.fd
File: t1lmr.fd 2009/10/30 v1.6 Font defs for Latin Modern
))
(C:\MiKTeX\tex/latex/graphics\graphicx.sty
Package: graphicx 2020/09/09 v1.2b Enhanced LaTeX Graphics (DPC,SPQR)

(C:\MiKTeX\tex/latex/graphics\keyval.sty
Package: keyval 2014/10/28 v1.15 key=value parser (DPC)
\KV@toks@=\toks26
)
(C:\MiKTeX\tex/latex/graphics\graphics.sty
Package: graphics 2020/08/30 v1.4c Standard LaTeX Graphics (DPC,SPQR)

(C:\MiKTeX\tex/latex/graphics\trig.sty
Package: trig 2016/01/03 v1.10 sin cos tan (DPC)
)
(C:\MiKTeX\tex/latex/graphics-cfg\graphics.cfg
File: graphics.cfg 2016/06/04 v1.11 sample graphics configuration
)
Package graphics Info: Driver file: xetex.def on input line 105.

(C:\MiKTeX\tex/latex/graphics-def\xetex.def
File: xetex.def 2020/08/26 v5.0i Graphics/color driver for xetex
))
\Gin@req@height=\dimen183
\Gin@req@width=\dimen184
)
(C:\MiKTeX\tex/latex/newunicodechar\newunicodechar.sty
Package: newunicodechar 2018/04/08 v1.2 Defining Unicode characters
)
(C:\MiKTeX\tex/latex/mdframed\mdframed.sty
Package: mdframed 2013/07/01 1.9b: mdframed

(C:\MiKTeX\tex/latex/kvoptions\kvoptions.sty
Package: kvoptions 2020-10-07 v3.14 Key value format for package options (HO)

(C:\MiKTeX\tex/generic/ltxcmds\ltxcmds.sty
Package: ltxcmds 2020-05-10 v1.25 LaTeX kernel commands for general use (HO)
)
(C:\MiKTeX\tex/generic/kvsetkeys\kvsetkeys.sty
Package: kvsetkeys 2019/12/15 v1.18 Key value parser (HO)
))
(C:\MiKTeX\tex/latex/etoolbox\etoolbox.sty
Package: etoolbox 2020/10/05 v2.5k e-TeX tools for LaTeX (JAW)
\etb@tempcnta=\count291
)
(C:\MiKTeX\tex/latex/zref\zref-abspage.sty
Package: zref-abspage 2020-07-03 v2.32 Module abspage for zref (HO)

(C:\MiKTeX\tex/latex/zref\zref-base.sty
Package: zref-base 2020-07-03 v2.32 Module base for zref (HO)

(C:\MiKTeX\tex/generic/infwarerr\infwarerr.sty
Package: infwarerr 2019/12/03 v1.5 Providing info/warning/error messages (HO)
)
(C:\MiKTeX\tex/generic/kvdefinekeys\kvdefinekeys.sty
Package: kvdefinekeys 2019-12-19 v1.6 Define keys (HO)
)
(C:\MiKTeX\tex/generic/pdftexcmds\pdftexcmds.sty
Package: pdftexcmds 2020-06-27 v0.33 Utility functions of pdfTeX for LuaTeX (HO
)

(C:\MiKTeX\tex/generic/iftex\iftex.sty
Package: iftex 2020/03/06 v1.0d TeX engine tests
)
Package pdftexcmds Info: \pdf@primitive is available.
Package pdftexcmds Info: \pdf@ifprimitive is available.
Package pdftexcmds Info: \pdfdraftmode not found.
)
(C:\MiKTeX\tex/generic/etexcmds\etexcmds.sty
Package: etexcmds 2019/12/15 v1.7 Avoid name clashes with e-TeX commands (HO)
)
(C:\MiKTeX\tex/latex/auxhook\auxhook.sty
Package: auxhook 2019-12-17 v1.6 Hooks for auxiliary files (HO)
)
Package zref Info: New property list: main on input line 764.
Package zref Info: New property: default on input line 765.
Package zref Info: New property: page on input line 766.
)
(C:\MiKTeX\tex/latex/base\atbegshi-ltx.sty
Package: atbegshi-ltx 2020/08/17 v1.0a Emulation of the original atbegshi packa
ge
with kernel methods
)
\c@abspage=\count292
Package zref Info: New property: abspage on input line 66.
)
(C:\MiKTeX\tex/latex/needspace\needspace.sty
Package: needspace 2010/09/12 v1.3d reserve vertical space
)
(C:\MiKTeX\tex/latex/graphics\color.sty
Package: color 2020/02/24 v1.2b Standard LaTeX Color (DPC)

(C:\MiKTeX\tex/latex/graphics-cfg\color.cfg
File: color.cfg 2016/01/02 v1.6 sample color configuration
)
Package color Info: Driver file: xetex.def on input line 147.
)
\mdf@templength=\skip66
\c@mdf@globalstyle@cnt=\count293
\mdf@skipabove@length=\skip67
\mdf@skipbelow@length=\skip68
\mdf@leftmargin@length=\skip69
\mdf@rightmargin@length=\skip70
\mdf@innerleftmargin@length=\skip71
\mdf@innerrightmargin@length=\skip72
\mdf@innertopmargin@length=\skip73
\mdf@innerbottommargin@length=\skip74
\mdf@splittopskip@length=\skip75
\mdf@splitbottomskip@length=\skip76
\mdf@outermargin@length=\skip77
\mdf@innermargin@length=\skip78
\mdf@linewidth@length=\skip79
\mdf@innerlinewidth@length=\skip80
\mdf@middlelinewidth@length=\skip81
\mdf@outerlinewidth@length=\skip82
\mdf@roundcorner@length=\skip83
\mdf@footenotedistance@length=\skip84
\mdf@userdefinedwidth@length=\skip85
\mdf@needspace@length=\skip86
\mdf@frametitleaboveskip@length=\skip87
\mdf@frametitlebelowskip@length=\skip88
\mdf@frametitlerulewidth@length=\skip89
\mdf@frametitleleftmargin@length=\skip90
\mdf@frametitlerightmargin@length=\skip91
\mdf@shadowsize@length=\skip92
\mdf@extratopheight@length=\skip93
\mdf@subtitleabovelinewidth@length=\skip94
\mdf@subtitlebelowlinewidth@length=\skip95
\mdf@subtitleaboveskip@length=\skip96
\mdf@subtitlebelowskip@length=\skip97
\mdf@subtitleinneraboveskip@length=\skip98
\mdf@subtitleinnerbelowskip@length=\skip99
\mdf@subsubtitleabovelinewidth@length=\skip100
\mdf@subsubtitlebelowlinewidth@length=\skip101
\mdf@subsubtitleaboveskip@length=\skip102
\mdf@subsubtitlebelowskip@length=\skip103
\mdf@subsubtitleinneraboveskip@length=\skip104
\mdf@subsubtitleinnerbelowskip@length=\skip105

(C:\MiKTeX\tex/latex/pgf/frontendlayer\tikz.sty
(C:\MiKTeX\tex/latex/pgf/basiclayer\pgf.sty
(C:\MiKTeX\tex/latex/pgf/utilities\pgfrcs.sty
(C:\MiKTeX\tex/generic/pgf/utilities\pgfutil-common.tex
\pgfutil@everybye=\toks27
\pgfutil@tempdima=\dimen185
\pgfutil@tempdimb=\dimen186

(C:\MiKTeX\tex/generic/pgf/utilities\pgfutil-common-lists.tex))
(C:\MiKTeX\tex/generic/pgf/utilities\pgfutil-latex.def
\pgfutil@abb=\box52
)
(C:\MiKTeX\tex/generic/pgf/utilities\pgfrcs.code.tex
(C:\MiKTeX\tex/generic/pgf\pgf.revision.tex)
Package: pgfrcs 2020/10/01 v3.1.6a (3.1.6a)
))
Package: pgf 2020/10/01 v3.1.6a (3.1.6a)

(C:\MiKTeX\tex/latex/pgf/basiclayer\pgfcore.sty
(C:\MiKTeX\tex/latex/pgf/systemlayer\pgfsys.sty
(C:\MiKTeX\tex/generic/pgf/systemlayer\pgfsys.code.tex
Package: pgfsys 2020/10/01 v3.1.6a (3.1.6a)

(C:\MiKTeX\tex/generic/pgf/utilities\pgfkeys.code.tex
\pgfkeys@pathtoks=\toks28
\pgfkeys@temptoks=\toks29

(C:\MiKTeX\tex/generic/pgf/utilities\pgfkeysfiltered.code.tex
\pgfkeys@tmptoks=\toks30
))
\pgf@x=\dimen187
\pgf@y=\dimen188
\pgf@xa=\dimen189
\pgf@ya=\dimen190
\pgf@xb=\dimen191
\pgf@yb=\dimen192
\pgf@xc=\dimen193
\pgf@yc=\dimen194
\pgf@xd=\dimen195
\pgf@yd=\dimen196
\w@pgf@writea=\write3
\r@pgf@reada=\read2
\c@pgf@counta=\count294
\c@pgf@countb=\count295
\c@pgf@countc=\count296
\c@pgf@countd=\count297
\t@pgf@toka=\toks31
\t@pgf@tokb=\toks32
\t@pgf@tokc=\toks33
\pgf@sys@id@count=\count298

(C:\MiKTeX\tex/generic/pgf/systemlayer\pgf.cfg
File: pgf.cfg 2020/10/01 v3.1.6a (3.1.6a)
)
Driver file for pgf: pgfsys-xetex.def

(C:\MiKTeX\tex/generic/pgf/systemlayer\pgfsys-xetex.def
File: pgfsys-xetex.def 2020/10/01 v3.1.6a (3.1.6a)

(C:\MiKTeX\tex/generic/pgf/systemlayer\pgfsys-dvipdfmx.def
File: pgfsys-dvipdfmx.def 2020/10/01 v3.1.6a (3.1.6a)

(C:\MiKTeX\tex/generic/pgf/systemlayer\pgfsys-common-pdf.def
File: pgfsys-common-pdf.def 2020/10/01 v3.1.6a (3.1.6a)
)
\pgfsys@objnum=\count299
)))
(C:\MiKTeX\tex/generic/pgf/systemlayer\pgfsyssoftpath.code.tex
File: pgfsyssoftpath.code.tex 2020/10/01 v3.1.6a (3.1.6a)
\pgfsyssoftpath@smallbuffer@items=\count300
\pgfsyssoftpath@bigbuffer@items=\count301
)
(C:\MiKTeX\tex/generic/pgf/systemlayer\pgfsysprotocol.code.tex
File: pgfsysprotocol.code.tex 2020/10/01 v3.1.6a (3.1.6a)
))
(C:\MiKTeX\tex/latex/xcolor\xcolor.sty
Package: xcolor 2016/05/11 v2.12 LaTeX color extensions (UK)

(C:\MiKTeX\tex/latex/graphics-cfg\color.cfg
File: color.cfg 2016/01/02 v1.6 sample color configuration
)
Package xcolor Info: Driver file: xetex.def on input line 225.
LaTeX Info: Redefining \color on input line 709.
Package xcolor Info: Model `cmy' substituted by `cmy0' on input line 1348.
Package xcolor Info: Model `RGB' extended on input line 1364.
Package xcolor Info: Model `HTML' substituted by `rgb' on input line 1366.
Package xcolor Info: Model `Hsb' substituted by `hsb' on input line 1367.
Package xcolor Info: Model `tHsb' substituted by `hsb' on input line 1368.
Package xcolor Info: Model `HSB' substituted by `hsb' on input line 1369.
Package xcolor Info: Model `Gray' substituted by `gray' on input line 1370.
Package xcolor Info: Model `wave' substituted by `hsb' on input line 1371.
)
(C:\MiKTeX\tex/generic/pgf/basiclayer\pgfcore.code.tex
Package: pgfcore 2020/10/01 v3.1.6a (3.1.6a)

(C:\MiKTeX\tex/generic/pgf/math\pgfmath.code.tex
(C:\MiKTeX\tex/generic/pgf/math\pgfmathcalc.code.tex
(C:\MiKTeX\tex/generic/pgf/math\pgfmathutil.code.tex)
(C:\MiKTeX\tex/generic/pgf/math\pgfmathparser.code.tex
\pgfmath@dimen=\dimen197
\pgfmath@count=\count302
\pgfmath@box=\box53
\pgfmath@toks=\toks34
\pgfmath@stack@operand=\toks35
\pgfmath@stack@operation=\toks36
)
(C:\MiKTeX\tex/generic/pgf/math\pgfmathfunctions.code.tex
(C:\MiKTeX\tex/generic/pgf/math\pgfmathfunctions.basic.code.tex)
(C:\MiKTeX\tex/generic/pgf/math\pgfmathfunctions.trigonometric.code.tex)
(C:\MiKTeX\tex/generic/pgf/math\pgfmathfunctions.random.code.tex)
(C:\MiKTeX\tex/generic/pgf/math\pgfmathfunctions.comparison.code.tex)
(C:\MiKTeX\tex/generic/pgf/math\pgfmathfunctions.base.code.tex)
(C:\MiKTeX\tex/generic/pgf/math\pgfmathfunctions.round.code.tex)
(C:\MiKTeX\tex/generic/pgf/math\pgfmathfunctions.misc.code.tex)
(C:\MiKTeX\tex/generic/pgf/math\pgfmathfunctions.integerarithmetics.code.tex)))
(C:\MiKTeX\tex/generic/pgf/math\pgfmathfloat.code.tex
\c@pgfmathroundto@lastzeros=\count303
))
(C:\MiKTeX\tex/generic/pgf/math\pgfint.code.tex)
(C:\MiKTeX\tex/generic/pgf/basiclayer\pgfcorepoints.code.tex
File: pgfcorepoints.code.tex 2020/10/01 v3.1.6a (3.1.6a)
\pgf@picminx=\dimen198
\pgf@picmaxx=\dimen199
\pgf@picminy=\dimen256
\pgf@picmaxy=\dimen257
\pgf@pathminx=\dimen258
\pgf@pathmaxx=\dimen259
\pgf@pathminy=\dimen260
\pgf@pathmaxy=\dimen261
\pgf@xx=\dimen262
\pgf@xy=\dimen263
\pgf@yx=\dimen264
\pgf@yy=\dimen265
\pgf@zx=\dimen266
\pgf@zy=\dimen267
)
(C:\MiKTeX\tex/generic/pgf/basiclayer\pgfcorepathconstruct.code.tex
File: pgfcorepathconstruct.code.tex 2020/10/01 v3.1.6a (3.1.6a)
\pgf@path@lastx=\dimen268
\pgf@path@lasty=\dimen269
)
(C:\MiKTeX\tex/generic/pgf/basiclayer\pgfcorepathusage.code.tex
File: pgfcorepathusage.code.tex 2020/10/01 v3.1.6a (3.1.6a)
\pgf@shorten@end@additional=\dimen270
\pgf@shorten@start@additional=\dimen271
)
(C:\MiKTeX\tex/generic/pgf/basiclayer\pgfcorescopes.code.tex
File: pgfcorescopes.code.tex 2020/10/01 v3.1.6a (3.1.6a)
\pgfpic=\box54
\pgf@hbox=\box55
\pgf@layerbox@main=\box56
\pgf@picture@serial@count=\count304
)
(C:\MiKTeX\tex/generic/pgf/basiclayer\pgfcoregraphicstate.code.tex
File: pgfcoregraphicstate.code.tex 2020/10/01 v3.1.6a (3.1.6a)
\pgflinewidth=\dimen272
)
(C:\MiKTeX\tex/generic/pgf/basiclayer\pgfcoretransformations.code.tex
File: pgfcoretransformations.code.tex 2020/10/01 v3.1.6a (3.1.6a)
\pgf@pt@x=\dimen273
\pgf@pt@y=\dimen274
\pgf@pt@temp=\dimen275
)
(C:\MiKTeX\tex/generic/pgf/basiclayer\pgfcorequick.code.tex
File: pgfcorequick.code.tex 2020/10/01 v3.1.6a (3.1.6a)
)
(C:\MiKTeX\tex/generic/pgf/basiclayer\pgfcoreobjects.code.tex
File: pgfcoreobjects.code.tex 2020/10/01 v3.1.6a (3.1.6a)
)
(C:\MiKTeX\tex/generic/pgf/basiclayer\pgfcorepathprocessing.code.tex
File: pgfcorepathprocessing.code.tex 2020/10/01 v3.1.6a (3.1.6a)
)
(C:\MiKTeX\tex/generic/pgf/basiclayer\pgfcorearrows.code.tex
File: pgfcorearrows.code.tex 2020/10/01 v3.1.6a (3.1.6a)
\pgfarrowsep=\dimen276
)
(C:\MiKTeX\tex/generic/pgf/basiclayer\pgfcoreshade.code.tex
File: pgfcoreshade.code.tex 2020/10/01 v3.1.6a (3.1.6a)
\pgf@max=\dimen277
\pgf@sys@shading@range@num=\count305
\pgf@shadingcount=\count306
)
(C:\MiKTeX\tex/generic/pgf/basiclayer\pgfcoreimage.code.tex
File: pgfcoreimage.code.tex 2020/10/01 v3.1.6a (3.1.6a)

(C:\MiKTeX\tex/generic/pgf/basiclayer\pgfcoreexternal.code.tex
File: pgfcoreexternal.code.tex 2020/10/01 v3.1.6a (3.1.6a)
\pgfexternal@startupbox=\box57
))
(C:\MiKTeX\tex/generic/pgf/basiclayer\pgfcorelayers.code.tex
File: pgfcorelayers.code.tex 2020/10/01 v3.1.6a (3.1.6a)
)
(C:\MiKTeX\tex/generic/pgf/basiclayer\pgfcoretransparency.code.tex
File: pgfcoretransparency.code.tex 2020/10/01 v3.1.6a (3.1.6a)
)
(C:\MiKTeX\tex/generic/pgf/basiclayer\pgfcorepatterns.code.tex
File: pgfcorepatterns.code.tex 2020/10/01 v3.1.6a (3.1.6a)
)
(C:\MiKTeX\tex/generic/pgf/basiclayer\pgfcorerdf.code.tex
File: pgfcorerdf.code.tex 2020/10/01 v3.1.6a (3.1.6a)
)))
(C:\MiKTeX\tex/generic/pgf/modules\pgfmoduleshapes.code.tex
File: pgfmoduleshapes.code.tex 2020/10/01 v3.1.6a (3.1.6a)
\pgfnodeparttextbox=\box58
)
(C:\MiKTeX\tex/generic/pgf/modules\pgfmoduleplot.code.tex
File: pgfmoduleplot.code.tex 2020/10/01 v3.1.6a (3.1.6a)
)
(C:\MiKTeX\tex/latex/pgf/compatibility\pgfcomp-version-0-65.sty
Package: pgfcomp-version-0-65 2020/10/01 v3.1.6a (3.1.6a)
\pgf@nodesepstart=\dimen278
\pgf@nodesepend=\dimen279
)
(C:\MiKTeX\tex/latex/pgf/compatibility\pgfcomp-version-1-18.sty
Package: pgfcomp-version-1-18 2020/10/01 v3.1.6a (3.1.6a)
))
(C:\MiKTeX\tex/latex/pgf/utilities\pgffor.sty
(C:\MiKTeX\tex/latex/pgf/utilities\pgfkeys.sty
(C:\MiKTeX\tex/generic/pgf/utilities\pgfkeys.code.tex))
(C:\MiKTeX\tex/latex/pgf/math\pgfmath.sty
(C:\MiKTeX\tex/generic/pgf/math\pgfmath.code.tex))
(C:\MiKTeX\tex/generic/pgf/utilities\pgffor.code.tex
Package: pgffor 2020/10/01 v3.1.6a (3.1.6a)

(C:\MiKTeX\tex/generic/pgf/math\pgfmath.code.tex)
\pgffor@iter=\dimen280
\pgffor@skip=\dimen281
\pgffor@stack=\toks37
\pgffor@toks=\toks38
))
(C:\MiKTeX\tex/generic/pgf/frontendlayer/tikz\tikz.code.tex
Package: tikz 2020/10/01 v3.1.6a (3.1.6a)

(C:\MiKTeX\tex/generic/pgf/libraries\pgflibraryplothandlers.code.tex
File: pgflibraryplothandlers.code.tex 2020/10/01 v3.1.6a (3.1.6a)
\pgf@plot@mark@count=\count307
\pgfplotmarksize=\dimen282
)
\tikz@lastx=\dimen283
\tikz@lasty=\dimen284
\tikz@lastxsaved=\dimen285
\tikz@lastysaved=\dimen286
\tikz@lastmovetox=\dimen287
\tikz@lastmovetoy=\dimen288
\tikzleveldistance=\dimen289
\tikzsiblingdistance=\dimen290
\tikz@figbox=\box59
\tikz@figbox@bg=\box60
\tikz@tempbox=\box61
\tikz@tempbox@bg=\box62
\tikztreelevel=\count308
\tikznumberofchildren=\count309
\tikznumberofcurrentchild=\count310
\tikz@fig@count=\count311

(C:\MiKTeX\tex/generic/pgf/modules\pgfmodulematrix.code.tex
File: pgfmodulematrix.code.tex 2020/10/01 v3.1.6a (3.1.6a)
\pgfmatrixcurrentrow=\count312
\pgfmatrixcurrentcolumn=\count313
\pgf@matrix@numberofcolumns=\count314
)
\tikz@expandcount=\count315

(C:\MiKTeX\tex/generic/pgf/frontendlayer/tikz/libraries\tikzlibrarytopaths.code
.tex
File: tikzlibrarytopaths.code.tex 2020/10/01 v3.1.6a (3.1.6a)
))) (C:\MiKTeX\tex/latex/mdframed\md-frame-1.mdf
File: md-frame-1.mdf 2013/07/01\ 1.9b: md-frame-1
)
\mdf@frametitlebox=\box63
\mdf@footnotebox=\box64
\mdf@splitbox@one=\box65
\mdf@splitbox@two=\box66
\mdf@splitbox@save=\box67
\mdfsplitboxwidth=\skip106
\mdfsplitboxtotalwidth=\skip107
\mdfsplitboxheight=\skip108
\mdfsplitboxdepth=\skip109
\mdfsplitboxtotalheight=\skip110
\mdfframetitleboxwidth=\skip111
\mdfframetitleboxtotalwidth=\skip112
\mdfframetitleboxheight=\skip113
\mdfframetitleboxdepth=\skip114
\mdfframetitleboxtotalheight=\skip115
\mdffootnoteboxwidth=\skip116
\mdffootnoteboxtotalwidth=\skip117
\mdffootnoteboxheight=\skip118
\mdffootnoteboxdepth=\skip119
\mdffootnoteboxtotalheight=\skip120
\mdftotallinewidth=\skip121
\mdfboundingboxwidth=\skip122
\mdfboundingboxtotalwidth=\skip123
\mdfboundingboxheight=\skip124
\mdfboundingboxdepth=\skip125
\mdfboundingboxtotalheight=\skip126
\mdf@freevspace@length=\skip127
\mdf@horizontalwidthofbox@length=\skip128
\mdf@verticalmarginwhole@length=\skip129
\mdf@horizontalspaceofbox=\skip130
\mdfsubtitleheight=\skip131
\mdfsubsubtitleheight=\skip132
\c@mdfcountframes=\count316

****** mdframed patching \endmdf@trivlist

****** -- success******

\mdf@envdepth=\count317
\c@mdf@env@i=\count318
\c@mdf@env@ii=\count319
\c@mdf@zref@counter=\count320
Package zref Info: New property: mdf@pagevalue on input line 895.
)
(C:\MiKTeX\tex/latex/natbib\natbib.sty
Package: natbib 2010/09/13 8.31b (PWD, AO)
\bibhang=\skip133
\bibsep=\skip134
LaTeX Info: Redefining \cite on input line 694.
\c@NAT@ctr=\count321
)
(C:\MiKTeX\tex/latex/caption\subcaption.sty
Package: subcaption 2020/10/07 v1.3j Sub-captions (AR)

(C:\MiKTeX\tex/latex/caption\caption.sty
Package: caption 2020/10/26 v3.5g Customizing captions (AR)

(C:\MiKTeX\tex/latex/caption\caption3.sty
Package: caption3 2020/10/21 v2.2e caption3 kernel (AR)
\captionmargin=\dimen291
\captionmargin@=\dimen292
\captionwidth=\dimen293
\caption@tempdima=\dimen294
\caption@indent=\dimen295
\caption@parindent=\dimen296
\caption@hangindent=\dimen297
Package caption Info: Standard document class detected.
)
\c@caption@flags=\count322
\c@continuedfloat=\count323
)
\c@subfigure=\count324
\c@subtable=\count325
)
(C:\MiKTeX\tex/latex/epigraph\epigraph.sty
Package: epigraph 2020/01/02 v1.5e typesetting epigraphs

(C:\MiKTeX\tex/latex/nextpage\nextpage.sty
Package: nextpage 2009/09/03 v1.1a additional page commands
)
\beforeepigraphskip=\skip135
\afterepigraphskip=\skip136
\epigraphwidth=\skip137
\epigraphrule=\skip138
)
(C:\MiKTeX\tex/latex/float\float.sty
Package: float 2001/11/08 v1.3d Float enhancements (AL)
\c@float@type=\count326
\float@exts=\toks39
\float@box=\box68
\@float@everytoks=\toks40
\@floatcapt=\box69
)
(C:\MiKTeX\tex/latex/hyperref\hyperref.sty
Package: hyperref 2020-05-15 v7.00e Hypertext links for LaTeX

(C:\MiKTeX\tex/generic/pdfescape\pdfescape.sty
Package: pdfescape 2019/12/09 v1.15 Implements pdfTeX's escape features (HO)
)
(C:\MiKTeX\tex/latex/hycolor\hycolor.sty
Package: hycolor 2020-01-27 v1.10 Color options for hyperref/bookmark (HO)
)
(C:\MiKTeX\tex/latex/letltxmacro\letltxmacro.sty
Package: letltxmacro 2019/12/03 v1.6 Let assignment for LaTeX macros (HO)
)
\@linkdim=\dimen298
\Hy@linkcounter=\count327
\Hy@pagecounter=\count328

(C:\MiKTeX\tex/latex/hyperref\pd1enc.def
File: pd1enc.def 2020-05-15 v7.00e Hyperref: PDFDocEncoding definition (HO)
)
(C:\MiKTeX\tex/generic/intcalc\intcalc.sty
Package: intcalc 2019/12/15 v1.3 Expandable calculations with integers (HO)
)
\Hy@SavedSpaceFactor=\count329
Package hyperref Info: Option `unicode' set `true' on input line 4338.

(C:\MiKTeX\tex/latex/hyperref\puenc.def
File: puenc.def 2020-05-15 v7.00e Hyperref: PDF Unicode definition (HO)
)
Package hyperref Info: Option `colorlinks' set `true' on input line 4338.
Package hyperref Info: Hyper figures OFF on input line 4464.
Package hyperref Info: Link nesting OFF on input line 4469.
Package hyperref Info: Hyper index ON on input line 4472.
Package hyperref Info: Plain pages OFF on input line 4479.
Package hyperref Info: Backreferencing OFF on input line 4484.
Package hyperref Info: Implicit mode ON; LaTeX internals redefined.
Package hyperref Info: Bookmarks ON on input line 4717.
\c@Hy@tempcnt=\count330
 (C:\MiKTeX\tex/latex/url\url.sty
\Urlmuskip=\muskip18
Package: url 2013/09/16  ver 3.4  Verb mode for urls, etc.
)
LaTeX Info: Redefining \url on input line 5076.
\XeTeXLinkMargin=\dimen299

(C:\MiKTeX\tex/generic/bitset\bitset.sty
Package: bitset 2019/12/09 v1.3 Handle bit-vector datatype (HO)

(C:\MiKTeX\tex/generic/bigintcalc\bigintcalc.sty
Package: bigintcalc 2019/12/15 v1.5 Expandable calculations on big integers (HO
)
))
\Fld@menulength=\count331
\Field@Width=\dimen300
\Fld@charsize=\dimen301
Package hyperref Info: Hyper figures OFF on input line 6347.
Package hyperref Info: Link nesting OFF on input line 6352.
Package hyperref Info: Hyper index ON on input line 6355.
Package hyperref Info: backreferencing OFF on input line 6362.
Package hyperref Info: Link coloring ON on input line 6365.
Package hyperref Info: Link coloring with OCG OFF on input line 6372.
Package hyperref Info: PDF/A mode OFF on input line 6377.
LaTeX Info: Redefining \ref on input line 6417.
LaTeX Info: Redefining \pageref on input line 6421.
\Hy@abspage=\count332
\c@Item=\count333
\c@Hfootnote=\count334
)
Package hyperref Info: Driver (autodetected): hxetex.

(C:\MiKTeX\tex/latex/hyperref\hxetex.def
File: hxetex.def 2020-05-15 v7.00e Hyperref driver for XeTeX

(C:\MiKTeX\tex/generic/stringenc\stringenc.sty
Package: stringenc 2019/11/29 v1.12 Convert strings between diff. encodings (HO
)
)
\pdfm@box=\box70
\c@Hy@AnnotLevel=\count335
\HyField@AnnotCount=\count336
\Fld@listcount=\count337
\c@bookmark@seq@number=\count338

(C:\MiKTeX\tex/latex/rerunfilecheck\rerunfilecheck.sty
Package: rerunfilecheck 2019/12/05 v1.9 Rerun checks for auxiliary files (HO)

(C:\MiKTeX\tex/latex/base\atveryend-ltx.sty
Package: atveryend-ltx 2020/08/19 v1.0a Emulation of the original atvery packag
e
with kernel methods
)
(C:\MiKTeX\tex/generic/uniquecounter\uniquecounter.sty
Package: uniquecounter 2019/12/15 v1.4 Provide unlimited unique counter (HO)
)
Package uniquecounter Info: New unique counter `rerunfilecheck' on input line 2
86.
)
\Hy@SectionHShift=\skip139
)
(C:\MiKTeX\tex/generic/pgf/frontendlayer/tikz/libraries\tikzlibrarycalc.code.te
x
File: tikzlibrarycalc.code.tex 2020/10/01 v3.1.6a (3.1.6a)
)
(C:\MiKTeX\tex/generic/pgf/frontendlayer/tikz/libraries\tikzlibraryshapes.code.
tex
File: tikzlibraryshapes.code.tex 2020/10/01 v3.1.6a (3.1.6a)

(C:\MiKTeX\tex/generic/pgf/frontendlayer/tikz/libraries\tikzlibraryshapes.geome
tric.code.tex
File: tikzlibraryshapes.geometric.code.tex 2020/10/01 v3.1.6a (3.1.6a)

(C:\MiKTeX\tex/generic/pgf/libraries/shapes\pgflibraryshapes.geometric.code.tex
File: pgflibraryshapes.geometric.code.tex 2020/10/01 v3.1.6a (3.1.6a)
))
(C:\MiKTeX\tex/generic/pgf/frontendlayer/tikz/libraries\tikzlibraryshapes.misc.
code.tex
File: tikzlibraryshapes.misc.code.tex 2020/10/01 v3.1.6a (3.1.6a)

(C:\MiKTeX\tex/generic/pgf/libraries/shapes\pgflibraryshapes.misc.code.tex
File: pgflibraryshapes.misc.code.tex 2020/10/01 v3.1.6a (3.1.6a)
))
(C:\MiKTeX\tex/generic/pgf/frontendlayer/tikz/libraries\tikzlibraryshapes.symbo
ls.code.tex
File: tikzlibraryshapes.symbols.code.tex 2020/10/01 v3.1.6a (3.1.6a)

(C:\MiKTeX\tex/generic/pgf/libraries/shapes\pgflibraryshapes.symbols.code.tex
File: pgflibraryshapes.symbols.code.tex 2020/10/01 v3.1.6a (3.1.6a)
))
(C:\MiKTeX\tex/generic/pgf/frontendlayer/tikz/libraries\tikzlibraryshapes.arrow
s.code.tex
File: tikzlibraryshapes.arrows.code.tex 2020/10/01 v3.1.6a (3.1.6a)

(C:\MiKTeX\tex/generic/pgf/libraries/shapes\pgflibraryshapes.arrows.code.tex
File: pgflibraryshapes.arrows.code.tex 2020/10/01 v3.1.6a (3.1.6a)
))
(C:\MiKTeX\tex/generic/pgf/frontendlayer/tikz/libraries\tikzlibraryshapes.callo
uts.code.tex
(C:\MiKTeX\tex/generic/pgf/libraries/shapes\pgflibraryshapes.callouts.code.tex)
)
(C:\MiKTeX\tex/generic/pgf/frontendlayer/tikz/libraries\tikzlibraryshapes.multi
part.code.tex
File: tikzlibraryshapes.multipart.code.tex 2020/10/01 v3.1.6a (3.1.6a)

(C:\MiKTeX\tex/generic/pgf/libraries/shapes\pgflibraryshapes.multipart.code.tex
File: pgflibraryshapes.multipart.code.tex 2020/10/01 v3.1.6a (3.1.6a)
\pgfnodepartlowerbox=\box71
\pgfnodeparttwobox=\box72
\pgfnodepartthreebox=\box73
\pgfnodepartfourbox=\box74
\pgfnodeparttwentybox=\box75
\pgfnodepartnineteenbox=\box76
\pgfnodeparteighteenbox=\box77
\pgfnodepartseventeenbox=\box78
\pgfnodepartsixteenbox=\box79
\pgfnodepartfifteenbox=\box80
\pgfnodepartfourteenbox=\box81
\pgfnodepartthirteenbox=\box82
\pgfnodeparttwelvebox=\box83
\pgfnodepartelevenbox=\box84
\pgfnodeparttenbox=\box85
\pgfnodepartninebox=\box86
\pgfnodeparteightbox=\box87
\pgfnodepartsevenbox=\box88
\pgfnodepartsixbox=\box89
\pgfnodepartfivebox=\box90
)))
(C:\MiKTeX\tex/generic/pgf/frontendlayer/tikz/libraries\tikzlibrarypositioning.
code.tex
File: tikzlibrarypositioning.code.tex 2020/10/01 v3.1.6a (3.1.6a)
)
\c@relationship=\count339
 (conv_arithmetic.aux)
\openout1 = `conv_arithmetic.aux'.

LaTeX Font Info:    Checking defaults for OML/cmm/m/it on input line 65.
LaTeX Font Info:    ... okay on input line 65.
LaTeX Font Info:    Checking defaults for OMS/cmsy/m/n on input line 65.
LaTeX Font Info:    ... okay on input line 65.
LaTeX Font Info:    Checking defaults for OT1/cmr/m/n on input line 65.
LaTeX Font Info:    ... okay on input line 65.
LaTeX Font Info:    Checking defaults for T1/cmr/m/n on input line 65.
LaTeX Font Info:    ... okay on input line 65.
LaTeX Font Info:    Checking defaults for TS1/cmr/m/n on input line 65.
LaTeX Font Info:    ... okay on input line 65.
LaTeX Font Info:    Checking defaults for TU/lmr/m/n on input line 65.
LaTeX Font Info:    ... okay on input line 65.
LaTeX Font Info:    Checking defaults for OMX/cmex/m/n on input line 65.
LaTeX Font Info:    ... okay on input line 65.
LaTeX Font Info:    Checking defaults for U/cmr/m/n on input line 65.
LaTeX Font Info:    ... okay on input line 65.
LaTeX Font Info:    Checking defaults for PD1/pdf/m/n on input line 65.
LaTeX Font Info:    ... okay on input line 65.
LaTeX Font Info:    Checking defaults for PU/pdf/m/n on input line 65.
LaTeX Font Info:    ... okay on input line 65.
 ABD: EverySelectfont initializing macros
LaTeX Info: Redefining \selectfont on input line 65.

Package fontspec Info: Adjusting the maths setup (use [no-math] to avoid
(fontspec)             this).

\symlegacymaths=\mathgroup6
LaTeX Font Info:    Overwriting symbol font `legacymaths' in version `bold'
(Font)                  OT1/cmr/m/n --> OT1/cmr/bx/n on input line 65.
LaTeX Font Info:    Redeclaring math accent \acute on input line 65.
LaTeX Font Info:    Redeclaring math accent \grave on input line 65.
LaTeX Font Info:    Redeclaring math accent \ddot on input line 65.
LaTeX Font Info:    Redeclaring math accent \tilde on input line 65.
LaTeX Font Info:    Redeclaring math accent \bar on input line 65.
LaTeX Font Info:    Redeclaring math accent \breve on input line 65.
LaTeX Font Info:    Redeclaring math accent \check on input line 65.
LaTeX Font Info:    Redeclaring math accent \hat on input line 65.
LaTeX Font Info:    Redeclaring math accent \dot on input line 65.
LaTeX Font Info:    Redeclaring math accent \mathring on input line 65.
LaTeX Font Info:    Redeclaring math symbol \Gamma on input line 65.
LaTeX Font Info:    Redeclaring math symbol \Delta on input line 65.
LaTeX Font Info:    Redeclaring math symbol \Theta on input line 65.
LaTeX Font Info:    Redeclaring math symbol \Lambda on input line 65.
LaTeX Font Info:    Redeclaring math symbol \Xi on input line 65.
LaTeX Font Info:    Redeclaring math symbol \Pi on input line 65.
LaTeX Font Info:    Redeclaring math symbol \Sigma on input line 65.
LaTeX Font Info:    Redeclaring math symbol \Upsilon on input line 65.
LaTeX Font Info:    Redeclaring math symbol \Phi on input line 65.
LaTeX Font Info:    Redeclaring math symbol \Psi on input line 65.
LaTeX Font Info:    Redeclaring math symbol \Omega on input line 65.
LaTeX Font Info:    Redeclaring math symbol \mathdollar on input line 65.
LaTeX Font Info:    Redeclaring symbol font `operators' on input line 65.
LaTeX Font Info:    Encoding `OT1' has changed to `TU' for symbol font
(Font)              `operators' in the math version `normal' on input line 65.
LaTeX Font Info:    Overwriting symbol font `operators' in version `normal'
(Font)                  OT1/cmr/m/n --> TU/lmr/m/n on input line 65.
LaTeX Font Info:    Encoding `OT1' has changed to `TU' for symbol font
(Font)              `operators' in the math version `bold' on input line 65.
LaTeX Font Info:    Overwriting symbol font `operators' in version `bold'
(Font)                  OT1/cmr/bx/n --> TU/lmr/m/n on input line 65.
LaTeX Font Info:    Overwriting symbol font `operators' in version `normal'
(Font)                  TU/lmr/m/n --> TU/lmr/m/n on input line 65.
LaTeX Font Info:    Overwriting math alphabet `\mathit' in version `normal'
(Font)                  OT1/cmr/m/it --> TU/lmr/m/it on input line 65.
LaTeX Font Info:    Overwriting math alphabet `\mathbf' in version `normal'
(Font)                  OT1/cmr/bx/n --> TU/lmr/b/n on input line 65.
LaTeX Font Info:    Overwriting math alphabet `\mathsf' in version `normal'
(Font)                  OT1/cmss/m/n --> TU/lmss/m/n on input line 65.
LaTeX Font Info:    Overwriting math alphabet `\mathtt' in version `normal'
(Font)                  OT1/cmtt/m/n --> TU/lmtt/m/n on input line 65.
LaTeX Font Info:    Overwriting symbol font `operators' in version `bold'
(Font)                  TU/lmr/m/n --> TU/lmr/b/n on input line 65.
LaTeX Font Info:    Overwriting math alphabet `\mathit' in version `bold'
(Font)                  OT1/cmr/bx/it --> TU/lmr/b/it on input line 65.
LaTeX Font Info:    Overwriting math alphabet `\mathsf' in version `bold'
(Font)                  OT1/cmss/bx/n --> TU/lmss/b/n on input line 65.
LaTeX Font Info:    Overwriting math alphabet `\mathtt' in version `bold'
(Font)                  OT1/cmtt/m/n --> TU/lmtt/b/n on input line 65.
Package caption Info: Begin \AtBeginDocument code.
Package caption Info: float package is loaded.
Package caption Info: hyperref package is loaded.
Package caption Info: End \AtBeginDocument code.
Package hyperref Info: Link coloring ON on input line 65.

(C:\MiKTeX\tex/latex/hyperref\nameref.sty
Package: nameref 2019/09/16 v2.46 Cross-referencing by name of section

(C:\MiKTeX\tex/latex/refcount\refcount.sty
Package: refcount 2019/12/15 v3.6 Data extraction from label references (HO)
)
(C:\MiKTeX\tex/generic/gettitlestring\gettitlestring.sty
Package: gettitlestring 2019/12/15 v1.6 Cleanup title references (HO)
)
\c@section@level=\count340
)
LaTeX Info: Redefining \ref on input line 65.
LaTeX Info: Redefining \pageref on input line 65.
LaTeX Info: Redefining \nameref on input line 65.
 (conv_arithmetic.out) (conv_arithmetic.out)
\@outlinefile=\write4
\openout4 = `conv_arithmetic.out'.

LaTeX Font Info:    Trying to load font information for U+msa on input line 68.

 (C:\MiKTeX\tex/latex/amsfonts\umsa.fd
File: umsa.fd 2013/01/14 v3.01 AMS symbols A
)
LaTeX Font Info:    Trying to load font information for U+msb on input line 68.


(C:\MiKTeX\tex/latex/amsfonts\umsb.fd
File: umsb.fd 2013/01/14 v3.01 AMS symbols B
) [1

] [2

]

Package fontspec Info: Could not resolve font "FangSong/BI" (it probably
(fontspec)             doesn't exist).


Package fontspec Info: Could not resolve font "FangSong/B" (it probably
(fontspec)             doesn't exist).


Package fontspec Info: Could not resolve font "FangSong/I" (it probably
(fontspec)             doesn't exist).

LaTeX Font Info:    Trying to load font information for T1+lmtt on input line 8
3.

(C:\MiKTeX\tex/latex/lm\t1lmtt.fd
File: t1lmtt.fd 2009/10/30 v1.6 Font defs for Latin Modern
)

Package fontspec Info: Font family 'FangSong(0)' created for font 'FangSong'
(fontspec)             with options [Script={CJK}].
(fontspec)              
(fontspec)              This font family consists of the following NFSS
(fontspec)             series/shapes:
(fontspec)              
(fontspec)             - 'normal' (m/n) with NFSS spec.:
(fontspec)             <->"FangSong/OT:script=hani;language=dflt;"
(fontspec)             - 'small caps'  (m/sc) with NFSS spec.: 

 [3

] (conv_arithmetic.toc)
\tf@toc=\write5
\openout5 = `conv_arithmetic.toc'.

 [4

]
第一章
[5

]
File: pdf/numerical_no_padding_no_strides_00.pdf Graphic file (type pdf)
<use pdf/numerical_no_padding_no_strides_00.pdf>
File: pdf/numerical_no_padding_no_strides_01.pdf Graphic file (type pdf)
<use pdf/numerical_no_padding_no_strides_01.pdf>
File: pdf/numerical_no_padding_no_strides_02.pdf Graphic file (type pdf)
<use pdf/numerical_no_padding_no_strides_02.pdf>
File: pdf/numerical_no_padding_no_strides_03.pdf Graphic file (type pdf)
<use pdf/numerical_no_padding_no_strides_03.pdf>
File: pdf/numerical_no_padding_no_strides_04.pdf Graphic file (type pdf)
<use pdf/numerical_no_padding_no_strides_04.pdf>
File: pdf/numerical_no_padding_no_strides_05.pdf Graphic file (type pdf)
<use pdf/numerical_no_padding_no_strides_05.pdf>
File: pdf/numerical_no_padding_no_strides_06.pdf Graphic file (type pdf)
<use pdf/numerical_no_padding_no_strides_06.pdf>
File: pdf/numerical_no_padding_no_strides_07.pdf Graphic file (type pdf)
<use pdf/numerical_no_padding_no_strides_07.pdf>
File: pdf/numerical_no_padding_no_strides_08.pdf Graphic file (type pdf)
<use pdf/numerical_no_padding_no_strides_08.pdf>
File: pdf/numerical_padding_strides_00.pdf Graphic file (type pdf)
<use pdf/numerical_padding_strides_00.pdf>
File: pdf/numerical_padding_strides_01.pdf Graphic file (type pdf)
<use pdf/numerical_padding_strides_01.pdf>
File: pdf/numerical_padding_strides_02.pdf Graphic file (type pdf)
<use pdf/numerical_padding_strides_02.pdf>
File: pdf/numerical_padding_strides_03.pdf Graphic file (type pdf)
<use pdf/numerical_padding_strides_03.pdf>
File: pdf/numerical_padding_strides_04.pdf Graphic file (type pdf)
<use pdf/numerical_padding_strides_04.pdf>
File: pdf/numerical_padding_strides_05.pdf Graphic file (type pdf)
<use pdf/numerical_padding_strides_05.pdf>
File: pdf/numerical_padding_strides_06.pdf Graphic file (type pdf)
<use pdf/numerical_padding_strides_06.pdf>
File: pdf/numerical_padding_strides_07.pdf Graphic file (type pdf)
<use pdf/numerical_padding_strides_07.pdf>
File: pdf/numerical_padding_strides_08.pdf Graphic file (type pdf)
<use pdf/numerical_padding_strides_08.pdf>
LaTeX Font Info:    Font shape `TU/SimSun(0)/m/sl' in size <10.53937> not avail
able
(Font)              Font shape `TU/SimSun(0)/m/it' tried instead on input line 
194.
 [6] [7] [8] [9]
File: pdf/numerical_average_pooling_00.pdf Graphic file (type pdf)
<use pdf/numerical_average_pooling_00.pdf>
File: pdf/numerical_average_pooling_01.pdf Graphic file (type pdf)
<use pdf/numerical_average_pooling_01.pdf>
File: pdf/numerical_average_pooling_02.pdf Graphic file (type pdf)
<use pdf/numerical_average_pooling_02.pdf>
File: pdf/numerical_average_pooling_03.pdf Graphic file (type pdf)
<use pdf/numerical_average_pooling_03.pdf>
File: pdf/numerical_average_pooling_04.pdf Graphic file (type pdf)
<use pdf/numerical_average_pooling_04.pdf>
File: pdf/numerical_average_pooling_05.pdf Graphic file (type pdf)
<use pdf/numerical_average_pooling_05.pdf>
File: pdf/numerical_average_pooling_06.pdf Graphic file (type pdf)
<use pdf/numerical_average_pooling_06.pdf>
File: pdf/numerical_average_pooling_07.pdf Graphic file (type pdf)
<use pdf/numerical_average_pooling_07.pdf>
File: pdf/numerical_average_pooling_08.pdf Graphic file (type pdf)
<use pdf/numerical_average_pooling_08.pdf>
File: pdf/numerical_max_pooling_00.pdf Graphic file (type pdf)
<use pdf/numerical_max_pooling_00.pdf>
File: pdf/numerical_max_pooling_01.pdf Graphic file (type pdf)
<use pdf/numerical_max_pooling_01.pdf>
File: pdf/numerical_max_pooling_02.pdf Graphic file (type pdf)
<use pdf/numerical_max_pooling_02.pdf>
File: pdf/numerical_max_pooling_03.pdf Graphic file (type pdf)
<use pdf/numerical_max_pooling_03.pdf>
File: pdf/numerical_max_pooling_04.pdf Graphic file (type pdf)
<use pdf/numerical_max_pooling_04.pdf>
File: pdf/numerical_max_pooling_05.pdf Graphic file (type pdf)
<use pdf/numerical_max_pooling_05.pdf>
File: pdf/numerical_max_pooling_06.pdf Graphic file (type pdf)
<use pdf/numerical_max_pooling_06.pdf>
File: pdf/numerical_max_pooling_07.pdf Graphic file (type pdf)
<use pdf/numerical_max_pooling_07.pdf>
File: pdf/numerical_max_pooling_08.pdf Graphic file (type pdf)
<use pdf/numerical_max_pooling_08.pdf>
 [10] [11]
第二章
Package mdframed Info: mdframed detected package amsthm 
 changed the theorem header of amsthm
(mdframed)              on input line 388.
[12

]
File: pdf/no_padding_no_strides_00.pdf Graphic file (type pdf)
<use pdf/no_padding_no_strides_00.pdf>
File: pdf/no_padding_no_strides_01.pdf Graphic file (type pdf)
<use pdf/no_padding_no_strides_01.pdf>
File: pdf/no_padding_no_strides_02.pdf Graphic file (type pdf)
<use pdf/no_padding_no_strides_02.pdf>
File: pdf/no_padding_no_strides_03.pdf Graphic file (type pdf)
<use pdf/no_padding_no_strides_03.pdf>
File: pdf/arbitrary_padding_no_strides_00.pdf Graphic file (type pdf)
<use pdf/arbitrary_padding_no_strides_00.pdf>
File: pdf/arbitrary_padding_no_strides_01.pdf Graphic file (type pdf)
<use pdf/arbitrary_padding_no_strides_01.pdf>
File: pdf/arbitrary_padding_no_strides_02.pdf Graphic file (type pdf)
<use pdf/arbitrary_padding_no_strides_02.pdf>
File: pdf/arbitrary_padding_no_strides_03.pdf Graphic file (type pdf)
<use pdf/arbitrary_padding_no_strides_03.pdf>
File: pdf/same_padding_no_strides_00.pdf Graphic file (type pdf)
<use pdf/same_padding_no_strides_00.pdf>
File: pdf/same_padding_no_strides_01.pdf Graphic file (type pdf)
<use pdf/same_padding_no_strides_01.pdf>
File: pdf/same_padding_no_strides_02.pdf Graphic file (type pdf)
<use pdf/same_padding_no_strides_02.pdf>
File: pdf/same_padding_no_strides_03.pdf Graphic file (type pdf)
<use pdf/same_padding_no_strides_03.pdf>
File: pdf/full_padding_no_strides_00.pdf Graphic file (type pdf)
<use pdf/full_padding_no_strides_00.pdf>
File: pdf/full_padding_no_strides_01.pdf Graphic file (type pdf)
<use pdf/full_padding_no_strides_01.pdf>
File: pdf/full_padding_no_strides_02.pdf Graphic file (type pdf)
<use pdf/full_padding_no_strides_02.pdf>
File: pdf/full_padding_no_strides_03.pdf Graphic file (type pdf)
<use pdf/full_padding_no_strides_03.pdf>
Package mdframed Info: mdframed detected package amsthm 
 changed the theorem header of amsthm
(mdframed)              on input line 439.
Package mdframed Info: mdframed detected package amsthm 
 changed the theorem header of amsthm
(mdframed)              on input line 455.
Package mdframed Info: mdframed detected package amsthm 
 changed the theorem header of amsthm
(mdframed)              on input line 473.
 [13] [14]
Package mdframed Info: mdframed detected package amsthm 
 changed the theorem header of amsthm
(mdframed)              on input line 497.
Package mdframed Info: mdframed detected package amsthm 
 changed the theorem header of amsthm
(mdframed)              on input line 510.
 [15]
File: pdf/no_padding_strides_00.pdf Graphic file (type pdf)
<use pdf/no_padding_strides_00.pdf>
File: pdf/no_padding_strides_01.pdf Graphic file (type pdf)
<use pdf/no_padding_strides_01.pdf>
File: pdf/no_padding_strides_02.pdf Graphic file (type pdf)
<use pdf/no_padding_strides_02.pdf>
File: pdf/no_padding_strides_03.pdf Graphic file (type pdf)
<use pdf/no_padding_strides_03.pdf>
File: pdf/padding_strides_00.pdf Graphic file (type pdf)
<use pdf/padding_strides_00.pdf>
File: pdf/padding_strides_01.pdf Graphic file (type pdf)
<use pdf/padding_strides_01.pdf>
File: pdf/padding_strides_02.pdf Graphic file (type pdf)
<use pdf/padding_strides_02.pdf>
File: pdf/padding_strides_03.pdf Graphic file (type pdf)
<use pdf/padding_strides_03.pdf>
File: pdf/padding_strides_odd_00.pdf Graphic file (type pdf)
<use pdf/padding_strides_odd_00.pdf>
File: pdf/padding_strides_odd_01.pdf Graphic file (type pdf)
<use pdf/padding_strides_odd_01.pdf>
File: pdf/padding_strides_odd_02.pdf Graphic file (type pdf)
<use pdf/padding_strides_odd_02.pdf>
File: pdf/padding_strides_odd_03.pdf Graphic file (type pdf)
<use pdf/padding_strides_odd_03.pdf>
 [16] [17] [18]
第三章
Package mdframed Info: mdframed detected package amsthm 
 changed the theorem header of amsthm
(mdframed)              on input line 595.
[19

]
第四章
[20

]
Overfull \hbox (14.49315pt too wide) in paragraph at lines 650--651
[]\TU/SimSun(0)/m/n/10.53937 现 在 让 我 们 考 虑 一 下 从 \T1/lmr/m/n/10.53937 4 \TU/Sim
Sun(0)/m/n/10.53937 维 空 间 映 射 到 \T1/lmr/m/n/10.53937 16 \TU/SimSun(0)/m/n/10.53
937 维 空 间，|  并 同 时 保 持[][]\T1/lmr/m/n/10.53937 Figure 2.1[][][]\TU/SimSun(0)/m/
n/10.53937 中
 []

[21]
Package mdframed Info: mdframed detected package amsthm 
 changed the theorem header of amsthm
(mdframed)              on input line 675.
 [22]
Package mdframed Info: mdframed detected package amsthm 
 changed the theorem header of amsthm
(mdframed)              on input line 692.
File: pdf/no_padding_no_strides_transposed_00.pdf Graphic file (type pdf)
<use pdf/no_padding_no_strides_transposed_00.pdf>
File: pdf/no_padding_no_strides_transposed_01.pdf Graphic file (type pdf)
<use pdf/no_padding_no_strides_transposed_01.pdf>
File: pdf/no_padding_no_strides_transposed_02.pdf Graphic file (type pdf)
<use pdf/no_padding_no_strides_transposed_02.pdf>
File: pdf/no_padding_no_strides_transposed_03.pdf Graphic file (type pdf)
<use pdf/no_padding_no_strides_transposed_03.pdf>
File: pdf/arbitrary_padding_no_strides_transposed_00.pdf Graphic file (type pdf
)
<use pdf/arbitrary_padding_no_strides_transposed_00.pdf>
File: pdf/arbitrary_padding_no_strides_transposed_01.pdf Graphic file (type pdf
)
<use pdf/arbitrary_padding_no_strides_transposed_01.pdf>
File: pdf/arbitrary_padding_no_strides_transposed_02.pdf Graphic file (type pdf
)
<use pdf/arbitrary_padding_no_strides_transposed_02.pdf>
File: pdf/arbitrary_padding_no_strides_transposed_03.pdf Graphic file (type pdf
)
<use pdf/arbitrary_padding_no_strides_transposed_03.pdf>
File: pdf/same_padding_no_strides_transposed_00.pdf Graphic file (type pdf)
<use pdf/same_padding_no_strides_transposed_00.pdf>
File: pdf/same_padding_no_strides_transposed_01.pdf Graphic file (type pdf)
<use pdf/same_padding_no_strides_transposed_01.pdf>
File: pdf/same_padding_no_strides_transposed_02.pdf Graphic file (type pdf)
<use pdf/same_padding_no_strides_transposed_02.pdf>
File: pdf/same_padding_no_strides_transposed_03.pdf Graphic file (type pdf)
<use pdf/same_padding_no_strides_transposed_03.pdf>
Package mdframed Info: mdframed detected package amsthm 
 changed the theorem header of amsthm
(mdframed)              on input line 734.
Package mdframed Info: mdframed detected package amsthm 
 changed the theorem header of amsthm
(mdframed)              on input line 753.
 [23] [24]
Package mdframed Info: mdframed detected package amsthm 
 changed the theorem header of amsthm
(mdframed)              on input line 777.
File: pdf/full_padding_no_strides_transposed_00.pdf Graphic file (type pdf)
<use pdf/full_padding_no_strides_transposed_00.pdf>
File: pdf/full_padding_no_strides_transposed_01.pdf Graphic file (type pdf)
<use pdf/full_padding_no_strides_transposed_01.pdf>
File: pdf/full_padding_no_strides_transposed_02.pdf Graphic file (type pdf)
<use pdf/full_padding_no_strides_transposed_02.pdf>
File: pdf/full_padding_no_strides_transposed_03.pdf Graphic file (type pdf)
<use pdf/full_padding_no_strides_transposed_03.pdf>
File: pdf/no_padding_strides_transposed_00.pdf Graphic file (type pdf)
<use pdf/no_padding_strides_transposed_00.pdf>
File: pdf/no_padding_strides_transposed_01.pdf Graphic file (type pdf)
<use pdf/no_padding_strides_transposed_01.pdf>
File: pdf/no_padding_strides_transposed_02.pdf Graphic file (type pdf)
<use pdf/no_padding_strides_transposed_02.pdf>
File: pdf/no_padding_strides_transposed_03.pdf Graphic file (type pdf)
<use pdf/no_padding_strides_transposed_03.pdf>
File: pdf/padding_strides_transposed_00.pdf Graphic file (type pdf)
<use pdf/padding_strides_transposed_00.pdf>
File: pdf/padding_strides_transposed_01.pdf Graphic file (type pdf)
<use pdf/padding_strides_transposed_01.pdf>
File: pdf/padding_strides_transposed_02.pdf Graphic file (type pdf)
<use pdf/padding_strides_transposed_02.pdf>
File: pdf/padding_strides_transposed_03.pdf Graphic file (type pdf)
<use pdf/padding_strides_transposed_03.pdf>
Package mdframed Info: mdframed detected package amsthm 
 changed the theorem header of amsthm
(mdframed)              on input line 822.
 [25] [26]
Package mdframed Info: mdframed detected package amsthm 
 changed the theorem header of amsthm
(mdframed)              on input line 836.
File: pdf/padding_strides_odd_transposed_00.pdf Graphic file (type pdf)
<use pdf/padding_strides_odd_transposed_00.pdf>
File: pdf/padding_strides_odd_transposed_01.pdf Graphic file (type pdf)
<use pdf/padding_strides_odd_transposed_01.pdf>
File: pdf/padding_strides_odd_transposed_02.pdf Graphic file (type pdf)
<use pdf/padding_strides_odd_transposed_02.pdf>
File: pdf/padding_strides_odd_transposed_03.pdf Graphic file (type pdf)
<use pdf/padding_strides_odd_transposed_03.pdf>
 [27] [28]
第五章
Package mdframed Info: mdframed detected package amsthm 
 changed the theorem header of amsthm
(mdframed)              on input line 878.
File: pdf/dilation_00.pdf Graphic file (type pdf)
<use pdf/dilation_00.pdf>
File: pdf/dilation_01.pdf Graphic file (type pdf)
<use pdf/dilation_01.pdf>
File: pdf/dilation_02.pdf Graphic file (type pdf)
<use pdf/dilation_02.pdf>
File: pdf/dilation_03.pdf Graphic file (type pdf)
<use pdf/dilation_03.pdf>

LaTeX Warning: `h' float specifier changed to `ht'.

(conv_arithmetic.bbl [29

] [30] [31

] [32]) [33] (conv_arithmetic.aux)
Package rerunfilecheck Info: File `conv_arithmetic.out' has not changed.
(rerunfilecheck)             Checksum: 7DC035563797B3023FD0C5C2A6DCC53F;2454.
 ) 
Here is how much of TeX's memory you used:
 31739 strings out of 412197
 681948 string characters out of 2856842
 1033104 words of memory out of 3000000
 50615 multiletter control sequences out of 15000+200000
 616919 words of font info for 137 fonts, out of 3000000 for 9000
 1348 hyphenation exceptions out of 8191
 104i,20n,117p,546b,918s stack positions out of 5000i,500n,10000p,200000b,50000s

Output written on conv_arithmetic.pdf (33 pages).
